0 info it worked if it ends with ok
1 verbose cli [ 'node', '/usr/local/bin/npm', 'install', '--save', 'socket.io' ]
2 info using npm@1.4.28
3 info using node@v0.10.36
4 warn package.json melody_chat@1.0.0 No repository field.
5 warn package.json melody_chat@1.0.0 No README data
6 verbose readDependencies using package.json deps
7 verbose cache add [ 'socket.io', null ]
8 verbose cache add name=undefined spec="socket.io" args=["socket.io",null]
9 verbose parsed url { protocol: null,
9 verbose parsed url   slashes: null,
9 verbose parsed url   auth: null,
9 verbose parsed url   host: null,
9 verbose parsed url   port: null,
9 verbose parsed url   hostname: null,
9 verbose parsed url   hash: null,
9 verbose parsed url   search: null,
9 verbose parsed url   query: null,
9 verbose parsed url   pathname: 'socket.io',
9 verbose parsed url   path: 'socket.io',
9 verbose parsed url   href: 'socket.io' }
10 silly lockFile 71475bfd-socket-io socket.io
11 verbose lock socket.io /Users/arsood/.npm/71475bfd-socket-io.lock
12 silly lockFile 71475bfd-socket-io socket.io
13 silly lockFile 71475bfd-socket-io socket.io
14 verbose addNamed [ 'socket.io', '' ]
15 verbose addNamed [ null, '*' ]
16 silly lockFile c03de861-socket-io socket.io@
17 verbose lock socket.io@ /Users/arsood/.npm/c03de861-socket-io.lock
18 silly addNameRange { name: 'socket.io', range: '*', hasData: false }
19 verbose request where is /socket.io
20 verbose request registry https://registry.npmjs.org/
21 verbose request id b9eb4435874f4014
22 verbose url raw /socket.io
23 verbose url resolving [ 'https://registry.npmjs.org/', './socket.io' ]
24 verbose url resolved https://registry.npmjs.org/socket.io
25 verbose request where is https://registry.npmjs.org/socket.io
26 info trying registry request attempt 1 at 20:25:00
27 verbose etag "7Q7SX1G0SHAJ9LCSDLK2GA7GG"
28 http GET https://registry.npmjs.org/socket.io
29 http 200 https://registry.npmjs.org/socket.io
30 silly registry.get cb [ 200,
30 silly registry.get   { date: 'Fri, 06 Feb 2015 04:25:00 GMT',
30 silly registry.get     server: 'CouchDB/1.5.0 (Erlang OTP/R16B03)',
30 silly registry.get     etag: '"AS33UYYYAXF1YOR6QNBDSZ4WN"',
30 silly registry.get     'content-type': 'application/json',
30 silly registry.get     'cache-control': 'max-age=60',
30 silly registry.get     'content-length': '109078',
30 silly registry.get     'accept-ranges': 'bytes',
30 silly registry.get     via: '1.1 varnish',
30 silly registry.get     age: '15',
30 silly registry.get     'x-served-by': 'cache-sjc3128-SJC',
30 silly registry.get     'x-cache': 'HIT',
30 silly registry.get     'x-cache-hits': '39',
30 silly registry.get     'x-timer': 'S1423196700.219206,VS0,VE0',
30 silly registry.get     vary: 'Accept',
30 silly registry.get     'keep-alive': 'timeout=10, max=50',
30 silly registry.get     connection: 'Keep-Alive' } ]
31 silly addNameRange number 2 { name: 'socket.io', range: '*', hasData: true }
32 silly addNameRange versions [ 'socket.io',
32 silly addNameRange   [ '0.3.8',
32 silly addNameRange     '0.4.0',
32 silly addNameRange     '0.4.1',
32 silly addNameRange     '0.5.1',
32 silly addNameRange     '0.5.3',
32 silly addNameRange     '0.6.0',
32 silly addNameRange     '0.6.1',
32 silly addNameRange     '0.6.3',
32 silly addNameRange     '0.6.4',
32 silly addNameRange     '0.6.5',
32 silly addNameRange     '0.6.6',
32 silly addNameRange     '0.6.7',
32 silly addNameRange     '0.6.8',
32 silly addNameRange     '0.6.9',
32 silly addNameRange     '0.6.10',
32 silly addNameRange     '0.6.11',
32 silly addNameRange     '0.6.12',
32 silly addNameRange     '0.6.14',
32 silly addNameRange     '0.6.15',
32 silly addNameRange     '0.6.16',
32 silly addNameRange     '0.6.17',
32 silly addNameRange     '0.6.18',
32 silly addNameRange     '0.7.0',
32 silly addNameRange     '0.7.1',
32 silly addNameRange     '0.7.2',
32 silly addNameRange     '0.7.3',
32 silly addNameRange     '0.7.4',
32 silly addNameRange     '0.7.5',
32 silly addNameRange     '0.7.6',
32 silly addNameRange     '0.7.7',
32 silly addNameRange     '0.7.8',
32 silly addNameRange     '0.7.9',
32 silly addNameRange     '0.7.10',
32 silly addNameRange     '0.7.11',
32 silly addNameRange     '0.8.0',
32 silly addNameRange     '0.8.1',
32 silly addNameRange     '0.8.2',
32 silly addNameRange     '0.8.3',
32 silly addNameRange     '0.8.4',
32 silly addNameRange     '0.8.5',
32 silly addNameRange     '0.8.6',
32 silly addNameRange     '0.8.7',
32 silly addNameRange     '0.9.0',
32 silly addNameRange     '0.9.1',
32 silly addNameRange     '0.9.1-1',
32 silly addNameRange     '0.9.2',
32 silly addNameRange     '0.9.3',
32 silly addNameRange     '0.9.4',
32 silly addNameRange     '0.9.5',
32 silly addNameRange     '0.9.6',
32 silly addNameRange     '0.9.7',
32 silly addNameRange     '0.9.8',
32 silly addNameRange     '0.9.9',
32 silly addNameRange     '0.9.10',
32 silly addNameRange     '0.9.11',
32 silly addNameRange     '0.9.12',
32 silly addNameRange     '0.9.13',
32 silly addNameRange     '0.9.14',
32 silly addNameRange     '0.9.15',
32 silly addNameRange     '0.9.16',
32 silly addNameRange     '1.0.0-pre',
32 silly addNameRange     '1.0.0-pre2',
32 silly addNameRange     '1.0.0-pre3',
32 silly addNameRange     '1.0.0-pre4',
32 silly addNameRange     '1.0.0-pre5',
32 silly addNameRange     '0.9.17',
32 silly addNameRange     '1.0.0',
32 silly addNameRange     '1.0.1',
32 silly addNameRange     '1.0.2',
32 silly addNameRange     '1.0.3',
32 silly addNameRange     '1.0.4',
32 silly addNameRange     '1.0.5',
32 silly addNameRange     '1.0.6',
32 silly addNameRange     '1.1.0',
32 silly addNameRange     '1.2.0',
32 silly addNameRange     '1.2.1',
32 silly addNameRange     '1.3.0',
32 silly addNameRange     '1.3.1',
32 silly addNameRange     '1.3.2',
32 silly addNameRange     '1.3.3' ] ]
33 verbose addNamed [ 'socket.io', '1.3.3' ]
34 verbose addNamed [ '1.3.3', '1.3.3' ]
35 silly lockFile f25d1c30-socket-io-1-3-3 socket.io@1.3.3
36 verbose lock socket.io@1.3.3 /Users/arsood/.npm/f25d1c30-socket-io-1-3-3.lock
37 silly lockFile 6533713e-rg-socket-io-socket-io-1-3-3-tgz https://registry.npmjs.org/socket.io/-/socket.io-1.3.3.tgz
38 verbose lock https://registry.npmjs.org/socket.io/-/socket.io-1.3.3.tgz /Users/arsood/.npm/6533713e-rg-socket-io-socket-io-1-3-3-tgz.lock
39 verbose addRemoteTarball [ 'https://registry.npmjs.org/socket.io/-/socket.io-1.3.3.tgz',
39 verbose addRemoteTarball   '2a1b62bf3a0205488d3a19573b53648262770f2b' ]
40 info retry fetch attempt 1 at 20:25:00
41 verbose fetch to= /var/folders/bm/38q__8rx0zv74ysdn5y4bb180000gn/T/npm-81970-v8t5zy_z/registry.npmjs.org/socket.io/-/socket.io-1.3.3.tgz
42 http GET https://registry.npmjs.org/socket.io/-/socket.io-1.3.3.tgz
43 http 200 https://registry.npmjs.org/socket.io/-/socket.io-1.3.3.tgz
44 silly lockFile 6533713e-rg-socket-io-socket-io-1-3-3-tgz https://registry.npmjs.org/socket.io/-/socket.io-1.3.3.tgz
45 silly lockFile 6533713e-rg-socket-io-socket-io-1-3-3-tgz https://registry.npmjs.org/socket.io/-/socket.io-1.3.3.tgz
46 silly lockFile f25d1c30-socket-io-1-3-3 socket.io@1.3.3
47 silly lockFile f25d1c30-socket-io-1-3-3 socket.io@1.3.3
48 silly lockFile c03de861-socket-io socket.io@
49 silly lockFile c03de861-socket-io socket.io@
50 error Error: EACCES, mkdir '/Users/arsood/.npm/socket.io/1.3.3'
50 error  { [Error: EACCES, mkdir '/Users/arsood/.npm/socket.io/1.3.3']
50 error   errno: 3,
50 error   code: 'EACCES',
50 error   path: '/Users/arsood/.npm/socket.io/1.3.3',
50 error   parent: 'melody_chat' }
51 error Please try running this command again as root/Administrator.
52 error System Darwin 14.1.0
53 error command "node" "/usr/local/bin/npm" "install" "--save" "socket.io"
54 error cwd /Users/arsood/Desktop/melody_chat
55 error node -v v0.10.36
56 error npm -v 1.4.28
57 error path /Users/arsood/.npm/socket.io/1.3.3
58 error code EACCES
59 error errno 3
60 error stack Error: EACCES, mkdir '/Users/arsood/.npm/socket.io/1.3.3'
61 verbose exit [ 3, true ]
